This is pdfTeX, Version 3.14159265-2.6-1.40.16 (TeX Live 2015) (preloaded format=pdflatex 2015.5.24)  13 MAR 2016 23:20
entering extended mode
 \write18 enabled.
 %&-line parsing enabled.
**cmbs4_scibook.tex
(./cmbs4_scibook.tex
LaTeX2e <2015/01/01>
Babel <3.9l> and hyphenation patterns for 79 languages loaded.
(./tcibook.cls
Document Class: tcibook 
TC Software Research, Inc. `tcibook' <13 Apr 93>.
(./tcilcomm.tex
TCILCOMM Macros for TCI styles <08 Apr 93>.
\@temptokenb=\toks14
\raggedglue=\skip41
\@hour=\count79
\@minute=\count80
\trimwidth=\dimen102
\trimheight=\dimen103
\botmargin=\dimen104
\marginpartotal=\dimen105
) (/usr/local/texlive/2015/texmf-dist/tex/latex/base/book.cls

LaTeX Warning: You have requested document class `tcibook',
               but the document class provides `book'.

Document Class: book 2014/09/29 v1.4h Standard LaTeX document class
(/usr/local/texlive/2015/texmf-dist/tex/latex/base/bk10.clo
File: bk10.clo 2014/09/29 v1.4h Standard LaTeX file (size option)
)
\c@part=\count81
\c@chapter=\count82
\c@section=\count83
\c@subsection=\count84
\c@subsubsection=\count85
\c@paragraph=\count86
\c@subparagraph=\count87
\c@figure=\count88
\c@table=\count89
\abovecaptionskip=\skip42
\belowcaptionskip=\skip43
\bibindent=\dimen106
)
TCI Document Style `tcibook' <5 Mar 92>.
\sectionruledimen=\dimen107
\sectionbackskip=\dimen108
) (./fancyhea.sty
\headrulewidth=\dimen109
\footrulewidth=\dimen110
\plainheadrulewidth=\dimen111
\plainfootrulewidth=\dimen112
\headwidth=\dimen113
) (./work.sty
\sectionruledimen=\dimen114
)
(/usr/local/texlive/2015/texmf-dist/tex/latex/tools/bm.sty
Package: bm 2014/10/28 v1.1c Bold Symbol Support (DPC/FMi)
\symboldoperators=\mathgroup4
\symboldletters=\mathgroup5
\symboldsymbols=\mathgroup6
LaTeX Font Info:    Redeclaring math alphabet \mathbf on input line 141.
LaTeX Info: Redefining \bm on input line 207.
)
(/usr/local/texlive/2015/texmf-dist/tex/latex/graphics/graphicx.sty
Package: graphicx 2014/10/28 v1.0g Enhanced LaTeX Graphics (DPC,SPQR)

(/usr/local/texlive/2015/texmf-dist/tex/latex/graphics/keyval.sty
Package: keyval 2014/10/28 v1.15 key=value parser (DPC)
\KV@toks@=\toks15
)
(/usr/local/texlive/2015/texmf-dist/tex/latex/graphics/graphics.sty
Package: graphics 2014/10/28 v1.0p Standard LaTeX Graphics (DPC,SPQR)

(/usr/local/texlive/2015/texmf-dist/tex/latex/graphics/trig.sty
Package: trig 1999/03/16 v1.09 sin cos tan (DPC)
)
(/usr/local/texlive/2015/texmf-dist/tex/latex/latexconfig/graphics.cfg
File: graphics.cfg 2010/04/23 v1.9 graphics configuration of TeX Live
)
Package graphics Info: Driver file: pdftex.def on input line 94.

(/usr/local/texlive/2015/texmf-dist/tex/latex/pdftex-def/pdftex.def
File: pdftex.def 2011/05/27 v0.06d Graphics/color for pdfTeX

(/usr/local/texlive/2015/texmf-dist/tex/generic/oberdiek/infwarerr.sty
Package: infwarerr 2010/04/08 v1.3 Providing info/warning/error messages (HO)
)
(/usr/local/texlive/2015/texmf-dist/tex/generic/oberdiek/ltxcmds.sty
Package: ltxcmds 2011/11/09 v1.22 LaTeX kernel commands for general use (HO)
)
\Gread@gobject=\count90
))
\Gin@req@height=\dimen115
\Gin@req@width=\dimen116
)
(/usr/local/texlive/2015/texmf-dist/tex/latex/hyperref/hyperref.sty
Package: hyperref 2012/11/06 v6.83m Hypertext links for LaTeX

(/usr/local/texlive/2015/texmf-dist/tex/generic/oberdiek/hobsub-hyperref.sty
Package: hobsub-hyperref 2012/05/28 v1.13 Bundle oberdiek, subset hyperref (HO)


(/usr/local/texlive/2015/texmf-dist/tex/generic/oberdiek/hobsub-generic.sty
Package: hobsub-generic 2012/05/28 v1.13 Bundle oberdiek, subset generic (HO)
Package: hobsub 2012/05/28 v1.13 Construct package bundles (HO)
Package hobsub Info: Skipping package `infwarerr' (already loaded).
Package hobsub Info: Skipping package `ltxcmds' (already loaded).
Package: ifluatex 2010/03/01 v1.3 Provides the ifluatex switch (HO)
Package ifluatex Info: LuaTeX not detected.
Package: ifvtex 2010/03/01 v1.5 Detect VTeX and its facilities (HO)
Package ifvtex Info: VTeX not detected.
Package: intcalc 2007/09/27 v1.1 Expandable calculations with integers (HO)
Package: ifpdf 2011/01/30 v2.3 Provides the ifpdf switch (HO)
Package ifpdf Info: pdfTeX in PDF mode is detected.
Package: etexcmds 2011/02/16 v1.5 Avoid name clashes with e-TeX commands (HO)
Package etexcmds Info: Could not find \expanded.
(etexcmds)             That can mean that you are not using pdfTeX 1.50 or
(etexcmds)             that some package has redefined \expanded.
(etexcmds)             In the latter case, load this package earlier.
Package: kvsetkeys 2012/04/25 v1.16 Key value parser (HO)
Package: kvdefinekeys 2011/04/07 v1.3 Define keys (HO)
Package: pdftexcmds 2011/11/29 v0.20 Utility functions of pdfTeX for LuaTeX (HO
)
Package pdftexcmds Info: LuaTeX not detected.
Package pdftexcmds Info: \pdf@primitive is available.
Package pdftexcmds Info: \pdf@ifprimitive is available.
Package pdftexcmds Info: \pdfdraftmode found.
Package: pdfescape 2011/11/25 v1.13 Implements pdfTeX's escape features (HO)
Package: bigintcalc 2012/04/08 v1.3 Expandable calculations on big integers (HO
)
Package: bitset 2011/01/30 v1.1 Handle bit-vector datatype (HO)
Package: uniquecounter 2011/01/30 v1.2 Provide unlimited unique counter (HO)
)
Package hobsub Info: Skipping package `hobsub' (already loaded).
Package: letltxmacro 2010/09/02 v1.4 Let assignment for LaTeX macros (HO)
Package: hopatch 2012/05/28 v1.2 Wrapper for package hooks (HO)
Package: xcolor-patch 2011/01/30 xcolor patch
Package: atveryend 2011/06/30 v1.8 Hooks at the very end of document (HO)
Package atveryend Info: \enddocument detected (standard20110627).
Package: atbegshi 2011/10/05 v1.16 At begin shipout hook (HO)
Package: refcount 2011/10/16 v3.4 Data extraction from label references (HO)
Package: hycolor 2011/01/30 v1.7 Color options for hyperref/bookmark (HO)
)
(/usr/local/texlive/2015/texmf-dist/tex/generic/ifxetex/ifxetex.sty
Package: ifxetex 2010/09/12 v0.6 Provides ifxetex conditional
)
(/usr/local/texlive/2015/texmf-dist/tex/latex/oberdiek/auxhook.sty
Package: auxhook 2011/03/04 v1.3 Hooks for auxiliary files (HO)
)
(/usr/local/texlive/2015/texmf-dist/tex/latex/oberdiek/kvoptions.sty
Package: kvoptions 2011/06/30 v3.11 Key value format for package options (HO)
)
\@linkdim=\dimen117
\Hy@linkcounter=\count91
\Hy@pagecounter=\count92

(/usr/local/texlive/2015/texmf-dist/tex/latex/hyperref/pd1enc.def
File: pd1enc.def 2012/11/06 v6.83m Hyperref: PDFDocEncoding definition (HO)
)
\Hy@SavedSpaceFactor=\count93

(/usr/local/texlive/2015/texmf-dist/tex/latex/latexconfig/hyperref.cfg
File: hyperref.cfg 2002/06/06 v1.2 hyperref configuration of TeXLive
)
Package hyperref Info: Hyper figures OFF on input line 4443.
Package hyperref Info: Link nesting OFF on input line 4448.
Package hyperref Info: Hyper index ON on input line 4451.
Package hyperref Info: Plain pages OFF on input line 4458.
Package hyperref Info: Backreferencing OFF on input line 4463.
Package hyperref Info: Implicit mode ON; LaTeX internals redefined.
Package hyperref Info: Bookmarks ON on input line 4688.
\c@Hy@tempcnt=\count94

(/usr/local/texlive/2015/texmf-dist/tex/latex/url/url.sty
\Urlmuskip=\muskip10
Package: url 2013/09/16  ver 3.4  Verb mode for urls, etc.
)
LaTeX Info: Redefining \url on input line 5041.
\XeTeXLinkMargin=\dimen118
\Fld@menulength=\count95
\Field@Width=\dimen119
\Fld@charsize=\dimen120
Package hyperref Info: Hyper figures OFF on input line 6295.
Package hyperref Info: Link nesting OFF on input line 6300.
Package hyperref Info: Hyper index ON on input line 6303.
Package hyperref Info: backreferencing OFF on input line 6310.
Package hyperref Info: Link coloring OFF on input line 6315.
Package hyperref Info: Link coloring with OCG OFF on input line 6320.
Package hyperref Info: PDF/A mode OFF on input line 6325.
LaTeX Info: Redefining \ref on input line 6365.
LaTeX Info: Redefining \pageref on input line 6369.
\Hy@abspage=\count96
\c@Item=\count97
\c@Hfootnote=\count98
)

Package hyperref Message: Driver (autodetected): hpdftex.

(/usr/local/texlive/2015/texmf-dist/tex/latex/hyperref/hpdftex.def
File: hpdftex.def 2012/11/06 v6.83m Hyperref driver for pdfTeX
\Fld@listcount=\count99
\c@bookmark@seq@number=\count100

(/usr/local/texlive/2015/texmf-dist/tex/latex/oberdiek/rerunfilecheck.sty
Package: rerunfilecheck 2011/04/15 v1.7 Rerun checks for auxiliary files (HO)
Package uniquecounter Info: New unique counter `rerunfilecheck' on input line 2
82.
)
\Hy@SectionHShift=\skip44
)
(/usr/local/texlive/2015/texmf-dist/tex/latex/graphics/color.sty
Package: color 2014/10/28 v1.1a Standard LaTeX Color (DPC)

(/usr/local/texlive/2015/texmf-dist/tex/latex/latexconfig/color.cfg
File: color.cfg 2007/01/18 v1.5 color configuration of teTeX/TeXLive
)
Package color Info: Driver file: pdftex.def on input line 142.

(/usr/local/texlive/2015/texmf-dist/tex/latex/graphics/dvipsnam.def
File: dvipsnam.def 2014/10/14 v3.0j Driver-dependent file (DPC,SPQR)
))
(/usr/local/texlive/2015/texmf-dist/tex/latex/amsfonts/amssymb.sty
Package: amssymb 2013/01/14 v3.01 AMS font symbols

(/usr/local/texlive/2015/texmf-dist/tex/latex/amsfonts/amsfonts.sty
Package: amsfonts 2013/01/14 v3.01 Basic AMSFonts support
\@emptytoks=\toks16
\symAMSa=\mathgroup7
\symAMSb=\mathgroup8
LaTeX Font Info:    Overwriting math alphabet `\mathfrak' in version `bold'
(Font)                  U/euf/m/n --> U/euf/b/n on input line 106.
))
(/usr/local/texlive/2015/texmf-dist/tex/latex/amsmath/amsmath.sty
Package: amsmath 2013/01/14 v2.14 AMS math features
\@mathmargin=\skip45

For additional information on amsmath, use the `?' option.
(/usr/local/texlive/2015/texmf-dist/tex/latex/amsmath/amstext.sty
Package: amstext 2000/06/29 v2.01

(/usr/local/texlive/2015/texmf-dist/tex/latex/amsmath/amsgen.sty
File: amsgen.sty 1999/11/30 v2.0
\@emptytoks=\toks17
\ex@=\dimen121
))
(/usr/local/texlive/2015/texmf-dist/tex/latex/amsmath/amsbsy.sty
Package: amsbsy 1999/11/29 v1.2d
LaTeX Info: Redefining \boldsymbol on input line 39.
\pmbraise@=\dimen122
)
(/usr/local/texlive/2015/texmf-dist/tex/latex/amsmath/amsopn.sty
Package: amsopn 1999/12/14 v2.01 operator names
)
\inf@bad=\count101
LaTeX Info: Redefining \frac on input line 210.
\uproot@=\count102
\leftroot@=\count103
LaTeX Info: Redefining \overline on input line 306.
\classnum@=\count104
\DOTSCASE@=\count105
LaTeX Info: Redefining \ldots on input line 378.
LaTeX Info: Redefining \dots on input line 381.
LaTeX Info: Redefining \cdots on input line 466.
\Mathstrutbox@=\box26
\strutbox@=\box27
\big@size=\dimen123
LaTeX Font Info:    Redeclaring font encoding OML on input line 566.
LaTeX Font Info:    Redeclaring font encoding OMS on input line 567.
\macc@depth=\count106
\c@MaxMatrixCols=\count107
\dotsspace@=\muskip11
\c@parentequation=\count108
\dspbrk@lvl=\count109
\tag@help=\toks18
\row@=\count110
\column@=\count111
\maxfields@=\count112
\andhelp@=\toks19
\eqnshift@=\dimen124
\alignsep@=\dimen125
\tagshift@=\dimen126
\tagwidth@=\dimen127
\totwidth@=\dimen128
\lineht@=\dimen129
\@envbody=\toks20
\multlinegap=\skip46
\multlinetaggap=\skip47
\mathdisplay@stack=\toks21
LaTeX Info: Redefining \[ on input line 2665.
LaTeX Info: Redefining \] on input line 2666.
)
(./chngcntr.sty
Package: chngcntr 2009/09/02 v1.0a change counter resetting
)
(/usr/local/texlive/2015/texmf-dist/tex/latex/titlesec/titlesec.sty
Package: titlesec 2011/12/15 v2.10.0 Sectioning titles
\ttl@box=\box28
\beforetitleunit=\skip48
\aftertitleunit=\skip49
\ttl@plus=\dimen130
\ttl@minus=\dimen131
\ttl@toksa=\toks22
\titlewidth=\dimen132
\titlewidthlast=\dimen133
\titlewidthfirst=\dimen134
)
(./workshopsymbols.tex)

LaTeX Warning: Unused global option(s):
    [titlepage].

(./cmbs4_scibook.aux

LaTeX Warning: Label `fig:limits' multiply defined.

)
\openout1 = `cmbs4_scibook.aux'.

LaTeX Font Info:    Checking defaults for OML/cmm/m/it on input line 83.
LaTeX Font Info:    ... okay on input line 83.
LaTeX Font Info:    Checking defaults for T1/cmr/m/n on input line 83.
LaTeX Font Info:    ... okay on input line 83.
LaTeX Font Info:    Checking defaults for OT1/cmr/m/n on input line 83.
LaTeX Font Info:    ... okay on input line 83.
LaTeX Font Info:    Checking defaults for OMS/cmsy/m/n on input line 83.
LaTeX Font Info:    ... okay on input line 83.
LaTeX Font Info:    Checking defaults for OMX/cmex/m/n on input line 83.
LaTeX Font Info:    ... okay on input line 83.
LaTeX Font Info:    Checking defaults for U/cmr/m/n on input line 83.
LaTeX Font Info:    ... okay on input line 83.
LaTeX Font Info:    Checking defaults for PD1/pdf/m/n on input line 83.
LaTeX Font Info:    ... okay on input line 83.
 (/usr/local/texlive/2015/texmf-dist/tex/context/base/supp-pdf.mkii
[Loading MPS to PDF converter (version 2006.09.02).]
\scratchcounter=\count113
\scratchdimen=\dimen135
\scratchbox=\box29
\nofMPsegments=\count114
\nofMParguments=\count115
\everyMPshowfont=\toks23
\MPscratchCnt=\count116
\MPscratchDim=\dimen136
\MPnumerator=\count117
\makeMPintoPDFobject=\count118
\everyMPtoPDFconversion=\toks24
) (/usr/local/texlive/2015/texmf-dist/tex/latex/oberdiek/epstopdf-base.sty
Package: epstopdf-base 2010/02/09 v2.5 Base part for package epstopdf

(/usr/local/texlive/2015/texmf-dist/tex/latex/oberdiek/grfext.sty
Package: grfext 2010/08/19 v1.1 Manage graphics extensions (HO)
)
Package grfext Info: Graphics extension search list:
(grfext)             [.png,.pdf,.jpg,.mps,.jpeg,.jbig2,.jb2,.PNG,.PDF,.JPG,.JPE
G,.JBIG2,.JB2,.eps]
(grfext)             \AppendGraphicsExtensions on input line 452.

(/usr/local/texlive/2015/texmf-dist/tex/latex/latexconfig/epstopdf-sys.cfg
File: epstopdf-sys.cfg 2010/07/13 v1.3 Configuration of (r)epstopdf for TeX Liv
e
))
\AtBeginShipoutBox=\box30
Package hyperref Info: Link coloring OFF on input line 83.

(/usr/local/texlive/2015/texmf-dist/tex/latex/hyperref/nameref.sty
Package: nameref 2012/10/27 v2.43 Cross-referencing by name of section

(/usr/local/texlive/2015/texmf-dist/tex/generic/oberdiek/gettitlestring.sty
Package: gettitlestring 2010/12/03 v1.4 Cleanup title references (HO)
)
\c@section@level=\count119
)
LaTeX Info: Redefining \ref on input line 83.
LaTeX Info: Redefining \pageref on input line 83.
LaTeX Info: Redefining \nameref on input line 83.

(./cmbs4_scibook.out) (./cmbs4_scibook.out)
\@outlinefile=\write3
\openout3 = `cmbs4_scibook.out'.

LaTeX Font Info:    Try loading font information for U+msa on input line 88.

(/usr/local/texlive/2015/texmf-dist/tex/latex/amsfonts/umsa.fd
File: umsa.fd 2013/01/14 v3.01 AMS symbols A
)
LaTeX Font Info:    Try loading font information for U+msb on input line 88.

(/usr/local/texlive/2015/texmf-dist/tex/latex/amsfonts/umsb.fd
File: umsb.fd 2013/01/14 v3.01 AMS symbols B
) [1

{/usr/local/texlive/2015/texmf-var/fonts/map/pdftex/updmap/pdftex.map}] (./cmbs
4_scibook.tocpdfTeX warning (ext4): destination with the same identifier (name{
page.1}) has been already used, duplicate ignored
<to be read again> 
                   \relax 
l.25 ...{2.5.3}Isocurvature}{32}{subsection.2.5.3}
                                                   [1

] [2] [3] [4])
\tf@toc=\write4
\openout4 = `cmbs4_scibook.toc'.


(./Intro/intro_cmbs4.tex [5] [6

]
Chapter 1.
[7] [8]
Missing character: There is no “ in font cmr10!
Missing character: There is no ” in font cmr10!
 [9] [10] <Intro/expt_progress.pdf, id=723, 509.905pt x 401.5pt>
File: Intro/expt_progress.pdf Graphic file (type pdf)

<use Intro/expt_progress.pdf>
Package pdftex.def Info: Intro/expt_progress.pdf used on input line 105.
(pdftex.def)             Requested size: 281.85585pt x 221.94067pt.
 [11 <./Intro/expt_progress.pdf>]

Package hyperref Warning: Token not allowed in a PDF string (PDFDocEncoding):
(hyperref)                removing `math shift' on input line 122.


Package hyperref Warning: Token not allowed in a PDF string (PDFDocEncoding):
(hyperref)                removing `\ell' on input line 122.


Package hyperref Warning: Token not allowed in a PDF string (PDFDocEncoding):
(hyperref)                removing `math shift' on input line 122.


Package hyperref Warning: Token not allowed in a PDF string (PDFDocEncoding):
(hyperref)                removing `math shift' on input line 131.


Package hyperref Warning: Token not allowed in a PDF string (PDFDocEncoding):
(hyperref)                removing `\ell' on input line 131.


Package hyperref Warning: Token not allowed in a PDF string (PDFDocEncoding):
(hyperref)                removing `math shift' on input line 131.

[12] <Intro/Fig-FlowChart1_v1.pdf, id=749, 794.97pt x 614.295pt>
File: Intro/Fig-FlowChart1_v1.pdf Graphic file (type pdf)

<use Intro/Fig-FlowChart1_v1.pdf>
Package pdftex.def Info: Intro/Fig-FlowChart1_v1.pdf used on input line 150.
(pdftex.def)             Requested size: 446.2658pt x 344.84645pt.

<Intro/Fig-FlowChart2_v1.pdf, id=751, 1027.84pt x 770.88pt>
File: Intro/Fig-FlowChart2_v1.pdf Graphic file (type pdf)

<use Intro/Fig-FlowChart2_v1.pdf>
Package pdftex.def Info: Intro/Fig-FlowChart2_v1.pdf used on input line 159.
(pdftex.def)             Requested size: 469.75499pt x 416.78656pt.
) (./Inflation/inflation_cmbs4.tex [13]
[14 <./Intro/Fig-FlowChart1_v1.pdf>] [15 <./Intro/Fig-FlowChart2_v1.pdf>]
[16

]
Chapter 2.
LaTeX Font Info:    Try loading font information for OMS+cmr on input line 25.
(/usr/local/texlive/2015/texmf-dist/tex/latex/base/omscmr.fd
File: omscmr.fd 2014/09/29 v2.5h Standard LaTeX font definitions
)
LaTeX Font Info:    Font shape `OMS/cmr/m/n' in size <10> not available
(Font)              Font shape `OMS/cmsy/m/n' tried instead on input line 25.
 [17] [18]
[19] [20] [21] [22] [23]

Package amsmath Warning: Foreign command \over;
(amsmath)                \frac or \genfrac should be used instead
(amsmath)                 on input line 237.

[24]
Underfull \hbox (badness 10000) in paragraph at lines 260--261

 []

[25] [26] [27] [28]
<Inflation/sigr2_fsky_rx1e3_r0.png, id=1321, 502.605pt x 532.827pt>
File: Inflation/sigr2_fsky_rx1e3_r0.png Graphic file (type png)

<use Inflation/sigr2_fsky_rx1e3_r0.png>
Package pdftex.def Info: Inflation/sigr2_fsky_rx1e3_r0.png used on input line 3
53.
(pdftex.def)             Requested size: 230.18251pt x 244.02206pt.

<Inflation/sigr2_fsky_rx1e3_r01.png, id=1323, 502.605pt x 532.827pt>
File: Inflation/sigr2_fsky_rx1e3_r01.png Graphic file (type png)

<use Inflation/sigr2_fsky_rx1e3_r01.png>
Package pdftex.def Info: Inflation/sigr2_fsky_rx1e3_r01.png used on input line 
354.
(pdftex.def)             Requested size: 230.18251pt x 244.02206pt.
 [29] [30 <./Inflation/sigr2_fsky_rx1e3_r0.png> <./Inflation/sigr2_fsky_rx1e3_r
01.png>] [31] [32]
Missing character: There is no ‚ in font cmr10!
Missing character: There is no Ä in font cmr10!
Missing character: There is no ú in font cmr10!
Missing character: There is no ‚ in font cmr10!
Missing character: There is no Ä in font cmr10!
Missing character: There is no ù in font cmr10!

Overfull \vbox (8.54448pt too high) has occurred while \output is active []


[33]
Missing character: There is no ‚ in font cmr10!
Missing character: There is no Ä in font cmr10!
Missing character: There is no ú in font cmr10!
Missing character: There is no ‚ in font cmr10!
Missing character: There is no Ä in font cmr10!
Missing character: There is no ù in font cmr10!
Missing character: There is no ‚ in font cmr10!
Missing character: There is no Ä in font cmr10!
Missing character: There is no ú in font cmr10!
Missing character: There is no ‚ in font cmr10!
Missing character: There is no Ä in font cmr10!
Missing character: There is no ù in font cmr10!
 [34]
Missing character: There is no ‚ in font cmr10!
Missing character: There is no Ä in font cmr10!
Missing character: There is no ô in font cmr10!
 [35]) (./Neutrinos/neutrinos_cmbs4.tex [36]
Chapter 3.
[37

]

LaTeX Font Warning: Command \tiny invalid in math mode on input line 61.


LaTeX Font Warning: Command \tiny invalid in math mode on input line 67.

[38] [39] [40] [41] [42]

LaTeX Warning: Citation `Gerda' on page 43 undefined on input line 208.


LaTeX Warning: Citation `Exo' on page 43 undefined on input line 208.


LaTeX Warning: Citation `Cuore' on page 43 undefined on input line 208.


LaTeX Warning: Citation `NSAC' on page 43 undefined on input line 208.


LaTeX Warning: Citation `NSAC' on page 43 undefined on input line 208.

<Neutrinos/NLDBD_sensitivity.png, id=1540, 1348.03625pt x 748.7975pt>
File: Neutrinos/NLDBD_sensitivity.png Graphic file (type png)

<use Neutrinos/NLDBD_sensitivity.png>
Package pdftex.def Info: Neutrinos/NLDBD_sensitivity.png used on input line 225
.
(pdftex.def)             Requested size: 469.75499pt x 260.92905pt.


LaTeX Warning: Citation `NSAC' on page 43 undefined on input line 226.


LaTeX Warning: Citation `NSAC' on page 43 undefined on input line 226.


LaTeX Warning: `!h' float specifier changed to `!ht'.

<Neutrinos/IH_MajoranaPhase.png, id=1545, 971.63pt x 748.7975pt>
File: Neutrinos/IH_MajoranaPhase.png Graphic file (type png)

<use Neutrinos/IH_MajoranaPhase.png>
Package pdftex.def Info: Neutrinos/IH_MajoranaPhase.png used on input line 233.

(pdftex.def)             Requested size: 328.82706pt x 253.41093pt.


LaTeX Warning: `!h' float specifier changed to `!ht'.


LaTeX Warning: Citation `Mainz' on page 43 undefined on input line 244.


LaTeX Warning: Citation `Troitsk' on page 43 undefined on input line 244.


LaTeX Warning: Citation `angrik' on page 43 undefined on input line 244.

[43] <Neutrinos/numass_combine_dune.pdf, id=1555, 485.34323pt x 398.52892pt>
File: Neutrinos/numass_combine_dune.pdf Graphic file (type pdf)

<use Neutrinos/numass_combine_dune.pdf>
Package pdftex.def Info: Neutrinos/numass_combine_dune.pdf used on input line 2
53.
(pdftex.def)             Requested size: 258.36667pt x 212.16188pt.


LaTeX Warning: `!h' float specifier changed to `!ht'.

[44 <./Neutrinos/NLDBD_sensitivity.png>] [45 <./Neutrinos/IH_MajoranaPhase.png>
] [46 <./Neutrinos/numass_combine_dune.pdf>] [47]
<Neutrinos/Neff.pdf, id=1638, 1027.84pt x 770.88pt>
File: Neutrinos/Neff.pdf Graphic file (type pdf)
 <use Neutrinos/Neff.pdf>
Package pdftex.def Info: Neutrinos/Neff.pdf used on input line 368.
(pdftex.def)             Requested size: 305.33788pt x 229.00735pt.

[48] [49 <./Neutrinos/Neff.pdf>] [50] [51] [52] [53] [54])
(./DarkEnergy/darkenergy_cmbs4.tex [55] [56

]
Chapter 4.
[57] [58] [59]
<DarkEnergy/mass_vs_z_s4.pdf, id=1944, 625.33624pt x 523.9575pt>
File: DarkEnergy/mass_vs_z_s4.pdf Graphic file (type pdf)

<use DarkEnergy/mass_vs_z_s4.pdf>
Package pdftex.def Info: DarkEnergy/mass_vs_z_s4.pdf used on input line 145.
(pdftex.def)             Requested size: 230.18251pt x 192.86186pt.

<DarkEnergy/dndz_s4.pdf, id=1945, 625.33624pt x 523.9575pt>
File: DarkEnergy/dndz_s4.pdf Graphic file (type pdf)

<use DarkEnergy/dndz_s4.pdf>
Package pdftex.def Info: DarkEnergy/dndz_s4.pdf used on input line 146.
(pdftex.def)             Requested size: 230.18251pt x 192.86186pt.
 [60 <./DarkEnergy/mass_vs_z_s4.pdf> <./DarkEnergy/dndz_s4.pdf>]
<DarkEnergy/m500lim_vs_z_1sigma_cmbs4_v1.pdf, id=2009, 505.89pt x 361.35pt>
File: DarkEnergy/m500lim_vs_z_1sigma_cmbs4_v1.pdf Graphic file (type pdf)

<use DarkEnergy/m500lim_vs_z_1sigma_cmbs4_v1.pdf>
Package pdftex.def Info: DarkEnergy/m500lim_vs_z_1sigma_cmbs4_v1.pdf used on in
put line 163.
(pdftex.def)             Requested size: 305.33788pt x 218.10188pt.
 [61 <./DarkEnergy/m500lim_vs_z_1sigma_cmbs4_v1.pdf>]
Missing character: There is no √ in font cmr10!
Missing character: There is no ê in font cmr10!
 [62]
<DarkEnergy/DM_annihilation_CMBS4.png, id=2039, 497.86pt x 377.41pt>
File: DarkEnergy/DM_annihilation_CMBS4.png Graphic file (type png)

<use DarkEnergy/DM_annihilation_CMBS4.png>
Package pdftex.def Info: DarkEnergy/DM_annihilation_CMBS4.png used on input lin
e 237.
(pdftex.def)             Requested size: 328.82706pt x 249.27565pt.
 [63] [64 <./DarkEnergy/DM_annihilation_CMBS4.png>] [65]
<DarkEnergy/ClsPP_ETHOS_a_n.pdf, id=2174, 715.47299pt x 357.7365pt>
File: DarkEnergy/ClsPP_ETHOS_a_n.pdf Graphic file (type pdf)

<use DarkEnergy/ClsPP_ETHOS_a_n.pdf>
Package pdftex.def Info: DarkEnergy/ClsPP_ETHOS_a_n.pdf used on input line 280.

(pdftex.def)             Requested size: 469.75499pt x 234.87315pt.

<DarkEnergy/ClsPP_ETHOS_f_int.pdf, id=2175, 715.47299pt x 357.7365pt>
File: DarkEnergy/ClsPP_ETHOS_f_int.pdf Graphic file (type pdf)

<use DarkEnergy/ClsPP_ETHOS_f_int.pdf>
Package pdftex.def Info: DarkEnergy/ClsPP_ETHOS_f_int.pdf used on input line 28
1.
(pdftex.def)             Requested size: 469.75499pt x 234.87315pt.


LaTeX Warning: `h' float specifier changed to `ht'.

<DarkEnergy/Log_constraints_axions_s4.pdf, id=2179, 578.16pt x 433.62pt>
File: DarkEnergy/Log_constraints_axions_s4.pdf Graphic file (type pdf)

<use DarkEnergy/Log_constraints_axions_s4.pdf>
Package pdftex.def Info: DarkEnergy/Log_constraints_axions_s4.pdf used on input
 line 301.
(pdftex.def)             Requested size: 230.18251pt x 172.63109pt.

<DarkEnergy/s4_omnuh2_omaxh2_allmass.pdf, id=2180, 578.16pt x 578.16pt>
File: DarkEnergy/s4_omnuh2_omaxh2_allmass.pdf Graphic file (type pdf)

<use DarkEnergy/s4_omnuh2_omaxh2_allmass.pdf>
Package pdftex.def Info: DarkEnergy/s4_omnuh2_omaxh2_allmass.pdf used on input 
line 302.
(pdftex.def)             Requested size: 230.18251pt x 230.17479pt.
Missing character: There is no ‚ in font cmr10!
Missing character: There is no Ä in font cmr10!
Missing character: There is no ô in font cmr10!
Missing character: There is no ‚ in font cmr10!
Missing character: There is no Ä in font cmr10!
Missing character: There is no ô in font cmr10!
 [66]
Missing character: There is no ‚ in font cmr10!
Missing character: There is no Ä in font cmr10!
Missing character: There is no ô in font cmr10!
Missing character: There is no ‚ in font cmr10!
Missing character: There is no Ä in font cmr10!
Missing character: There is no ô in font cmr10!
)
(./CMBLensing/cmblensing_cmbs4.tex [67] [68 <./DarkEnergy/ClsPP_ETHOS_a_n.pdf> 
<./DarkEnergy/ClsPP_ETHOS_f_int.pdf>] [69 <./DarkEnergy/Log_constraints_axions_
s4.pdf> <./DarkEnergy/s4_omnuh2_omaxh2_allmass.pdf

pdfTeX warning: /Library/TeX/texbin/pdflatex (file ./DarkEnergy/s4_omnuh2_omaxh
2_allmass.pdf): PDF inclusion: multiple pdfs with page group included in a sing
le page
>] [70

]
Chapter 5.

Underfull \hbox (badness 10000) in paragraph at lines 23--25

 []


Underfull \hbox (badness 10000) in paragraph at lines 26--27

 []


Underfull \hbox (badness 10000) in paragraph at lines 28--29

 []

[71] <CMBLensing/n0s_s4.pdf, id=2406, 587.19376pt x 587.19376pt>
File: CMBLensing/n0s_s4.pdf Graphic file (type pdf)

<use CMBLensing/n0s_s4.pdf>
Package pdftex.def Info: CMBLensing/n0s_s4.pdf used on input line 71.
(pdftex.def)             Requested size: 234.87749pt x 234.87334pt.

<CMBLensing/signal_contribs.pdf, id=2407, 579.60541pt x 435.0654pt>
File: CMBLensing/signal_contribs.pdf Graphic file (type pdf)

<use CMBLensing/signal_contribs.pdf>
Package pdftex.def Info: CMBLensing/signal_contribs.pdf used on input line 80.
(pdftex.def)             Requested size: 281.85585pt x 211.57072pt.
 [72 <./CMBLensing/n0s_s4.pdf>]
<CMBLensing/ell300_1_40.pdf, id=2449, 587.19376pt x 587.19376pt>
File: CMBLensing/ell300_1_40.pdf Graphic file (type pdf)

<use CMBLensing/ell300_1_40.pdf>
Package pdftex.def Info: CMBLensing/ell300_1_40.pdf used on input line 95.
(pdftex.def)             Requested size: 211.3883pt x 211.38959pt.

<CMBLensing/ell300_4_00.pdf, id=2450, 587.19376pt x 587.19376pt>
File: CMBLensing/ell300_4_00.pdf Graphic file (type pdf)

<use CMBLensing/ell300_4_00.pdf>
Package pdftex.def Info: CMBLensing/ell300_4_00.pdf used on input line 96.
(pdftex.def)             Requested size: 211.3883pt x 211.38959pt.
 [73 <./CMBLensing/signal_contribs.pdf>]
<CMBLensing/autoCompilation.pdf, id=2487, 731.73375pt x 370.38374pt>
File: CMBLensing/autoCompilation.pdf Graphic file (type pdf)

<use CMBLensing/autoCompilation.pdf>
Package pdftex.def Info: CMBLensing/autoCompilation.pdf used on input line 118.

(pdftex.def)             Requested size: 446.2658pt x 225.88853pt.

<CMBLensing/s4errors.pdf, id=2489, 587.19376pt x 587.19376pt>
File: CMBLensing/s4errors.pdf Graphic file (type pdf)

<use CMBLensing/s4errors.pdf>
Package pdftex.def Info: CMBLensing/s4errors.pdf used on input line 132.
(pdftex.def)             Requested size: 399.2946pt x 399.29543pt.
 [74 <./CMBLensing/ell300_1_40.pdf> <./CMBLensing/ell300_4_00.pdf

pdfTeX warning: /Library/TeX/texbin/pdflatex (file ./CMBLensing/ell300_4_00.pdf
): PDF inclusion: multiple pdfs with page group included in a single page
>] <CMBLensing/CMB_effs.pdf, id=2618, 596.25262pt x 224.58592pt>
File: CMBLensing/CMB_effs.pdf Graphic file (type pdf)

<use CMBLensing/CMB_effs.pdf>
Package pdftex.def Info: CMBLensing/CMB_effs.pdf used on input line 156.
(pdftex.def)             Requested size: 446.2658pt x 168.08946pt.
 [75 <./CMBLensing/autoCompilation.pdf>] [76 <./CMBLensing/s4errors.pdf>] [77 <
./CMBLensing/CMB_effs.pdf>]
<CMBLensing/HaloLensing.png, id=2869, 1138.2525pt x 854.19125pt>
File: CMBLensing/HaloLensing.png Graphic file (type png)

<use CMBLensing/HaloLensing.png>
Package pdftex.def Info: CMBLensing/HaloLensing.png used on input line 205.
(pdftex.def)             Requested size: 352.31624pt x 264.3925pt.
 [78] [79 <./CMBLensing/HaloLensing.png>]
<CMBLensing/Delensing.png, id=2883, 696.6025pt x 507.8975pt>
File: CMBLensing/Delensing.png Graphic file (type png)

<use CMBLensing/Delensing.png>
Package pdftex.def Info: CMBLensing/Delensing.png used on input line 236.
(pdftex.def)             Requested size: 352.31624pt x 256.87758pt.

<CMBLensing/delensingIterative.png, id=2885, 426.8748pt x 411.4572pt>
File: CMBLensing/delensingIterative.png Graphic file (type png)

<use CMBLensing/delensingIterative.png>
Package pdftex.def Info: CMBLensing/delensingIterative.png used on input line 2
45.
(pdftex.def)             Requested size: 234.87749pt x 226.39632pt.
 [80 <./CMBLensing/Delensing.png>]
[81 <./CMBLensing/delensingIterative.png>] [82]
<CMBLensing/Allisonetal.png, id=2907, 873.2625pt x 588.1975pt>
File: CMBLensing/Allisonetal.png Graphic file (type png)

<use CMBLensing/Allisonetal.png>
Package pdftex.def Info: CMBLensing/Allisonetal.png used on input line 324.
(pdftex.def)             Requested size: 352.31624pt x 237.3032pt.
 [83]) (./Analysis/analysis_cmbs4.tex [84 <./CMBLensing/Allisonetal.png>]
Chapter 6.
[85

] <Analysis/da.pdf, id=2932, 811.03pt x 1162.3425pt>
File: Analysis/da.pdf Graphic file (type pdf)
 <use Analysis/da.pdf>
Package pdftex.def Info: Analysis/da.pdf used on input line 37.
(pdftex.def)             Requested size: 234.87749pt x 336.60956pt.

[86 <./Analysis/da.pdf>] [87] (./Analysis/tod_processing.tex
<Analysis/td.pdf, id=2962, 811.03pt x 1162.3425pt>
File: Analysis/td.pdf Graphic file (type pdf)
 <use Analysis/td.pdf>
Package pdftex.def Info: Analysis/td.pdf used on input line 7.
(pdftex.def)             Requested size: 234.87749pt x 336.60956pt.

[88 <./Analysis/td.pdf>] [89]) [90] (./Analysis/component_separation.tex
<Analysis/cs.pdf, id=3041, 811.03pt x 1162.3425pt>
File: Analysis/cs.pdf Graphic file (type pdf)
 <use Analysis/cs.pdf>
Package pdftex.def Info: Analysis/cs.pdf used on input line 16.
(pdftex.def)             Requested size: 234.87749pt x 336.60956pt.

<Analysis/Power_Spectrum_figure_showing_foregrounds.pdf, id=3042, 789.95125pt x
 667.89528pt>
File: Analysis/Power_Spectrum_figure_showing_foregrounds.pdf Graphic file (type
 pdf)
 <use Analysis/Power_Spectrum_figure_showing_foregrounds.pdf>
Package pdftex.def Info: Analysis/Power_Spectrum_figure_showing_foregrounds.pdf
 used on input line 30.
(pdftex.def)             Requested size: 234.87749pt x 198.58665pt.

[91 <./Analysis/cs.pdf>] [92 <./Analysis/Power_Spectrum_figure_showing_foregrou
nds.pdf>] [93] [94]
Underfull \hbox (badness 10000) in paragraph at lines 131--133

 []

[95]) [96] (./Analysis/statistics_parameters.tex
<Analysis/sp.pdf, id=3238, 811.03pt x 1162.3425pt>
File: Analysis/sp.pdf Graphic file (type pdf)
 <use Analysis/sp.pdf>
Package pdftex.def Info: Analysis/sp.pdf used on input line 32.
(pdftex.def)             Requested size: 234.87749pt x 336.60956pt.

[97 <./Analysis/sp.pdf>] [98] [99] [100] [101]) [102]
<Analysis/sim.pdf, id=3373, 1053.9375pt x 990.70125pt>
File: Analysis/sim.pdf Graphic file (type pdf)
 <use Analysis/sim.pdf>
Package pdftex.def Info: Analysis/sim.pdf used on input line 70.
(pdftex.def)             Requested size: 234.87749pt x 220.7818pt.

[103 <./Analysis/sim.pdf>] (./Analysis/sky_modeling.tex
<Analysis/sm.pdf, id=3397, 1053.9375pt x 990.70125pt>
File: Analysis/sm.pdf Graphic file (type pdf)
 <use Analysis/sm.pdf>
Package pdftex.def Info: Analysis/sm.pdf used on input line 27.
(pdftex.def)             Requested size: 234.87749pt x 220.7818pt.

[104] [105 <./Analysis/sm.pdf>]

LaTeX Warning: Citation `remazeilles/etal:2015' on page 106 undefined on input 
line 64.


LaTeX Warning: Citation `jarosik/etal:2011' on page 106 undefined on input line
 66.


LaTeX Warning: Citation `delabrouille/etal:2013' on page 106 undefined on input
 line 68.


LaTeX Warning: Citation `miville-Deschenes/etal:2008' on page 106 undefined on 
input line 71.

[106] [107]) [108] (./Analysis/data_simulation.tex
<Analysis/ds.pdf, id=3439, 1053.9375pt x 990.70125pt>
File: Analysis/ds.pdf Graphic file (type pdf)
 <use Analysis/ds.pdf>
Package pdftex.def Info: Analysis/ds.pdf used on input line 9.
(pdftex.def)             Requested size: 234.87749pt x 220.7818pt.

[109 <./Analysis/ds.pdf>]) [110]
<Analysis/simda.pdf, id=3466, 1614.03pt x 1162.3425pt>
File: Analysis/simda.pdf Graphic file (type pdf)

<use Analysis/simda.pdf>
Package pdftex.def Info: Analysis/simda.pdf used on input line 93.
(pdftex.def)             Requested size: 352.31624pt x 253.71199pt.
 [111 <./Analysis/simda.pdf>]
(./Analysis/forecasting.tex [112]

LaTeX Warning: Citation `armitage-caplan/etal:2011' on page 113 undefined on in
put line 60.


LaTeX Warning: Citation `ramazeilles/etal:2015' on page 113 undefined on input 
line 60.

[113]

Package hyperref Warning: Token not allowed in a PDF string (PDFDocEncoding):
(hyperref)                removing `math shift' on input line 62.


Package hyperref Warning: Token not allowed in a PDF string (PDFDocEncoding):
(hyperref)                removing `\kappa' on input line 62.


Package hyperref Warning: Token not allowed in a PDF string (PDFDocEncoding):
(hyperref)                removing `\kappa' on input line 62.


Package hyperref Warning: Token not allowed in a PDF string (PDFDocEncoding):
(hyperref)                removing `math shift' on input line 62.


LaTeX Warning: Citation `allison/etal:2015' on page 114 undefined on input line
 68.


LaTeX Warning: Citation `Hu:2002' on page 114 undefined on input line 101.


LaTeX Warning: Citation `Benoit-Levy:2012' on page 114 undefined on input line 
101.

[114]) [115] (./Analysis/validation_verification.tex) [116]
(./Analysis/implementation.tex
<Analysis/cmb_hpc_scaling.pdf, id=3522, 764.63002pt x 600.51353pt>
File: Analysis/cmb_hpc_scaling.pdf Graphic file (type pdf)

<use Analysis/cmb_hpc_scaling.pdf>
Package pdftex.def Info: Analysis/cmb_hpc_scaling.pdf used on input line 11.
(pdftex.def)             Requested size: 352.31624pt x 276.69772pt.
 [117 <./Analysis/cmb_hpc_scaling.pdf>]
<Analysis/all_tod.pdf, id=3549, 1614.03pt x 1162.3425pt>
File: Analysis/all_tod.pdf Graphic file (type pdf)

<use Analysis/all_tod.pdf>
Package pdftex.def Info: Analysis/all_tod.pdf used on input line 22.
(pdftex.def)             Requested size: 352.31624pt x 253.71199pt.
)) (./cmbs4_scibook.bbl [118 <./Analysis/all_tod.pdf>] [119] [120] [121] [122]
Missing character: There is no √ in font cmr10!
Missing character: There is no â in font cmr10!
Missing character: There is no √ in font cmr10!
Missing character: There is no â in font cmr10!
Missing character: There is no √ in font cmr10!
Missing character: There is no © in font cmr10!
 [123] [124] [125] [126] [127] [128]
Missing character: There is no ‚ in font cmr10!
Missing character: There is no Ä in font cmr10!
Missing character: There is no ì in font cmr10!
Missing character: There is no √ in font cmr10!
Missing character: There is no © in font cmr10!
Missing character: There is no √ in font cmr10!
Missing character: There is no ¥ in font cmr10!
Missing character: There is no √ in font cmr10!
Missing character: There is no © in font cmr10!
Missing character: There is no √ in font cmr10!
Missing character: There is no ¥ in font cmr10!
 [129] [130]
[131] [132] [133] [134] [135]
Missing character: There is no √ in font cmr10!
Missing character: There is no © in font cmr10!
Missing character: There is no ≈ in font cmr10!
Missing character: There is no æ in font cmr10!
Missing character: There is no ’ in font cmr10!
 [136] [137] [138] [139] [140] [141] [142]
[143]
Missing character: There is no ÷ in font cmr10!
)
Package atveryend Info: Empty hook `BeforeClearDocument' on input line 155.
 [144]
Package atveryend Info: Empty hook `AfterLastShipout' on input line 155.
 (./cmbs4_scibook.aux)
Package atveryend Info: Executing hook `AtVeryEndDocument' on input line 155.
Package atveryend Info: Executing hook `AtEndAfterFileList' on input line 155.
Package rerunfilecheck Info: File `cmbs4_scibook.out' has not changed.
(rerunfilecheck)             Checksum: 6569B50B553287262CFD1753FEB192C2;10709.


LaTeX Warning: There were undefined references.


LaTeX Warning: There were multiply-defined labels.

Package atveryend Info: Empty hook `AtVeryVeryEnd' on input line 155.
 ) 
Here is how much of TeX's memory you used:
 8596 strings out of 493089
 126377 string characters out of 6134842
 224685 words of memory out of 5000000
 11061 multiletter control sequences out of 15000+600000
 23280 words of font info for 83 fonts, out of 8000000 for 9000
 1141 hyphenation exceptions out of 8191
 32i,12n,36p,2025b,433s stack positions out of 5000i,500n,10000p,200000b,80000s
</usr/local/texlive/2015/texmf-dist/fonts/type1/public/amsfonts/cm/cmbx10.pfb
></usr/local/texlive/2015/texmf-dist/fonts/type1/public/amsfonts/cm/cmbx12.pfb>
</usr/local/texlive/2015/texmf-dist/fonts/type1/public/amsfonts/cm/cmbx9.pfb></
usr/local/texlive/2015/texmf-dist/fonts/type1/public/amsfonts/cm/cmcsc10.pfb></
usr/local/texlive/2015/texmf-dist/fonts/type1/public/amsfonts/cm/cmex10.pfb></u
sr/local/texlive/2015/texmf-dist/fonts/type1/public/amsfonts/cmextra/cmex7.pfb>
</usr/local/texlive/2015/texmf-dist/fonts/type1/public/amsfonts/cmextra/cmex9.p
fb></usr/local/texlive/2015/texmf-dist/fonts/type1/public/amsfonts/cm/cmmi10.pf
b></usr/local/texlive/2015/texmf-dist/fonts/type1/public/amsfonts/cm/cmmi12.pfb
></usr/local/texlive/2015/texmf-dist/fonts/type1/public/amsfonts/cm/cmmi5.pfb><
/usr/local/texlive/2015/texmf-dist/fonts/type1/public/amsfonts/cm/cmmi6.pfb></u
sr/local/texlive/2015/texmf-dist/fonts/type1/public/amsfonts/cm/cmmi7.pfb></usr
/local/texlive/2015/texmf-dist/fonts/type1/public/amsfonts/cm/cmmi9.pfb></usr/l
ocal/texlive/2015/texmf-dist/fonts/type1/public/amsfonts/cm/cmmib10.pfb></usr/l
ocal/texlive/2015/texmf-dist/fonts/type1/public/amsfonts/cm/cmr10.pfb></usr/loc
al/texlive/2015/texmf-dist/fonts/type1/public/amsfonts/cm/cmr12.pfb></usr/local
/texlive/2015/texmf-dist/fonts/type1/public/amsfonts/cm/cmr17.pfb></usr/local/t
exlive/2015/texmf-dist/fonts/type1/public/amsfonts/cm/cmr5.pfb></usr/local/texl
ive/2015/texmf-dist/fonts/type1/public/amsfonts/cm/cmr6.pfb></usr/local/texlive
/2015/texmf-dist/fonts/type1/public/amsfonts/cm/cmr7.pfb></usr/local/texlive/20
15/texmf-dist/fonts/type1/public/amsfonts/cm/cmr8.pfb></usr/local/texlive/2015/
texmf-dist/fonts/type1/public/amsfonts/cm/cmr9.pfb></usr/local/texlive/2015/tex
mf-dist/fonts/type1/public/amsfonts/cm/cmsl9.pfb></usr/local/texlive/2015/texmf
-dist/fonts/type1/public/amsfonts/cm/cmsy10.pfb></usr/local/texlive/2015/texmf-
dist/fonts/type1/public/amsfonts/cm/cmsy5.pfb></usr/local/texlive/2015/texmf-di
st/fonts/type1/public/amsfonts/cm/cmsy6.pfb></usr/local/texlive/2015/texmf-dist
/fonts/type1/public/amsfonts/cm/cmsy7.pfb></usr/local/texlive/2015/texmf-dist/f
onts/type1/public/amsfonts/cm/cmsy8.pfb></usr/local/texlive/2015/texmf-dist/fon
ts/type1/public/amsfonts/cm/cmsy9.pfb></usr/local/texlive/2015/texmf-dist/fonts
/type1/public/amsfonts/cm/cmti10.pfb></usr/local/texlive/2015/texmf-dist/fonts/
type1/public/amsfonts/cm/cmti7.pfb></usr/local/texlive/2015/texmf-dist/fonts/ty
pe1/public/amsfonts/cm/cmti9.pfb></usr/local/texlive/2015/texmf-dist/fonts/type
1/public/amsfonts/symbols/msam10.pfb></usr/local/texlive/2015/texmf-dist/fonts/
type1/public/amsfonts/symbols/msbm10.pfb></usr/local/texlive/2015/texmf-dist/fo
nts/type1/public/amsfonts/symbols/msbm7.pfb></usr/local/texlive/2015/texmf-dist
/fonts/type1/urw/ncntrsbk/uncr8a.pfb>
Output written on cmbs4_scibook.pdf (145 pages, 4033333 bytes).
PDF statistics:
 3960 PDF objects out of 4296 (max. 8388607)
 3087 compressed objects within 31 object streams
 814 named destinations out of 1000 (max. 500000)
 1242 words of extra memory for PDF output out of 10000 (max. 10000000)

